2023-12-05T12:03:08+00:00 CRITICAL Uncaught Error: Call to undefined function get_theme_directory_uri() in C:\OpenServer\domains\rtb\wp-content\themes\rtbatteries\page-templates\page-about.php:59
Stack trace:
#0 C:\OpenServer\domains\rtb\wp-includes\template-loader.php(106): include()
#1 C:\OpenServer\domains\rtb\wp-blog-header.php(19): require_once('C:\\OpenServer\\d...')
#2 C:\OpenServer\domains\rtb\index.php(17): require('C:\\OpenServer\\d...')
#3 {main}
  thrown in C:\OpenServer\domains\rtb\wp-content\themes\rtbatteries\page-templates\page-about.php on line 59

2023-12-05T12:03:27+00:00 CRITICAL Uncaught Error: Call to undefined function get_theme_directory_uri() in C:\OpenServer\domains\rtb\wp-content\themes\rtbatteries\page-templates\page-about.php:59
Stack trace:
#0 C:\OpenServer\domains\rtb\wp-includes\template-loader.php(106): include()
#1 C:\OpenServer\domains\rtb\wp-blog-header.php(19): require_once('C:\\OpenServer\\d...')
#2 C:\OpenServer\domains\rtb\index.php(17): require('C:\\OpenServer\\d...')
#3 {main}
  thrown in C:\OpenServer\domains\rtb\wp-content\themes\rtbatteries\page-templates\page-about.php on line 59

2023-12-05T12:03:43+00:00 CRITICAL Uncaught Error: Call to undefined function get_theme_directory_uri() in C:\OpenServer\domains\rtb\wp-content\themes\rtbatteries\page-templates\page-about.php:59
Stack trace:
#0 C:\OpenServer\domains\rtb\wp-includes\template-loader.php(106): include()
#1 C:\OpenServer\domains\rtb\wp-blog-header.php(19): require_once('C:\\OpenServer\\d...')
#2 C:\OpenServer\domains\rtb\index.php(17): require('C:\\OpenServer\\d...')
#3 {main}
  thrown in C:\OpenServer\domains\rtb\wp-content\themes\rtbatteries\page-templates\page-about.php on line 59

2023-12-05T12:24:13+00:00 CRITICAL Uncaught Error: Call to undefined function get_sub_filed() in C:\OpenServer\domains\rtb\wp-content\themes\rtbatteries\page-templates\page-faq.php:28
Stack trace:
#0 C:\OpenServer\domains\rtb\wp-includes\template-loader.php(106): include()
#1 C:\OpenServer\domains\rtb\wp-blog-header.php(19): require_once('C:\\OpenServer\\d...')
#2 C:\OpenServer\domains\rtb\index.php(17): require('C:\\OpenServer\\d...')
#3 {main}
  thrown in C:\OpenServer\domains\rtb\wp-content\themes\rtbatteries\page-templates\page-faq.php on line 28

