2023-07-28T14:52:09+00:00 CRITICAL Uncaught Error: Call to undefined method RT_Batteries::woocommerce_init() in W:\domains\rtb\wp-content\themes\rtbatteries\functions.php:16
Stack trace:
#0 W:\domains\rtb\wp-content\themes\rtbatteries\functions.php(162): RT_Batteries->__construct()
#1 W:\domains\rtb\wp-settings.php(591): include('W:\\domains\\rtb\\...')
#2 W:\domains\rtb\wp-config.php(96): require_once('W:\\domains\\rtb\\...')
#3 W:\domains\rtb\wp-load.php(50): require_once('W:\\domains\\rtb\\...')
#4 W:\domains\rtb\wp-blog-header.php(13): require_once('W:\\domains\\rtb\\...')
#5 W:\domains\rtb\index.php(17): require('W:\\domains\\rtb\\...')
#6 {main}
  thrown in W:\domains\rtb\wp-content\themes\rtbatteries\functions.php on line 16

2023-07-28T14:52:52+00:00 CRITICAL Multiple access type modifiers are not allowed in W:\domains\rtb\wp-content\themes\rtbatteries\functions.php on line 105

2023-07-28T14:53:33+00:00 CRITICAL Multiple access type modifiers are not allowed in W:\domains\rtb\wp-content\themes\rtbatteries\functions.php on line 105

2023-07-28T14:53:36+00:00 CRITICAL Multiple access type modifiers are not allowed in W:\domains\rtb\wp-content\themes\rtbatteries\functions.php on line 105

2023-07-28T14:53:43+00:00 CRITICAL Multiple access type modifiers are not allowed in W:\domains\rtb\wp-content\themes\rtbatteries\functions.php on line 105

2023-07-28T15:05:51+00:00 CRITICAL require(): Failed opening required 'THEME_URL/inc/RT_Batteries.php' (include_path='.') in W:\domains\rtb\wp-content\themes\rtbatteries\functions.php on line 3

2023-07-28T15:07:52+00:00 CRITICAL require(): Failed opening required 'THEME_URL/inc/RT_Batteries.php' (include_path='.') in W:\domains\rtb\wp-content\themes\rtbatteries\functions.php on line 3

2023-07-28T15:09:48+00:00 CRITICAL require(): Failed opening required 'THEME_URL/inc/RT_Batteries.php' (include_path='.') in W:\domains\rtb\wp-content\themes\rtbatteries\functions.php on line 3

2023-07-28T15:11:49+00:00 CRITICAL require(): Failed opening required 'THEME_URL/inc/RT_Batteries.php' (include_path='.') in W:\domains\rtb\wp-content\themes\rtbatteries\functions.php on line 3

2023-07-28T15:13:50+00:00 CRITICAL require(): Failed opening required 'THEME_URL/inc/RT_Batteries.php' (include_path='.') in W:\domains\rtb\wp-content\themes\rtbatteries\functions.php on line 3

2023-07-28T15:15:39+00:00 CRITICAL require(): Failed opening required 'THEME_URL/inc/RT_Batteries.php' (include_path='.') in W:\domains\rtb\wp-content\themes\rtbatteries\functions.php on line 3

2023-07-28T15:15:55+00:00 CRITICAL require(): Failed opening required 'THEME_URL/inc/RT_Batteries.php' (include_path='.') in W:\domains\rtb\wp-content\themes\rtbatteries\functions.php on line 3

2023-07-28T15:17:56+00:00 CRITICAL require(): Failed opening required 'THEME_URL/inc/RT_Batteries.php' (include_path='.') in W:\domains\rtb\wp-content\themes\rtbatteries\functions.php on line 3

2023-07-28T15:19:57+00:00 CRITICAL require(): Failed opening required 'THEME_URL/inc/RT_Batteries.php' (include_path='.') in W:\domains\rtb\wp-content\themes\rtbatteries\functions.php on line 3

2023-07-28T15:21:58+00:00 CRITICAL require(): Failed opening required 'THEME_URL/inc/RT_Batteries.php' (include_path='.') in W:\domains\rtb\wp-content\themes\rtbatteries\functions.php on line 3

2023-07-28T15:23:59+00:00 CRITICAL require(): Failed opening required 'THEME_URL/inc/RT_Batteries.php' (include_path='.') in W:\domains\rtb\wp-content\themes\rtbatteries\functions.php on line 3

2023-07-28T15:49:54+00:00 CRITICAL require(): Failed opening required 'THEME_URL/inc/RT_Batteries.php' (include_path='.') in W:\domains\rtb\wp-content\themes\rtbatteries\functions.php on line 3

2023-07-28T15:50:09+00:00 CRITICAL require(): Failed opening required 'THEME_URL/inc/RT_Batteries.php' (include_path='.') in W:\domains\rtb\wp-content\themes\rtbatteries\functions.php on line 3

2023-07-28T15:52:10+00:00 CRITICAL require(): Failed opening required 'THEME_URL/inc/RT_Batteries.php' (include_path='.') in W:\domains\rtb\wp-content\themes\rtbatteries\functions.php on line 3

2023-07-28T15:54:11+00:00 CRITICAL require(): Failed opening required 'THEME_URL/inc/RT_Batteries.php' (include_path='.') in W:\domains\rtb\wp-content\themes\rtbatteries\functions.php on line 3

2023-07-28T15:54:49+00:00 CRITICAL require(): Failed opening required 'THEME_URL/inc/RT_Batteries.php' (include_path='.') in W:\domains\rtb\wp-content\themes\rtbatteries\functions.php on line 3

2023-07-28T15:54:51+00:00 CRITICAL require(): Failed opening required 'THEME_URL/inc/RT_Batteries.php' (include_path='.') in W:\domains\rtb\wp-content\themes\rtbatteries\functions.php on line 3

2023-07-28T15:55:06+00:00 CRITICAL require(): Failed opening required 'THEME_URL/inc/RT_Batteries.php' (include_path='.') in W:\domains\rtb\wp-content\themes\rtbatteries\functions.php on line 3

2023-07-28T15:57:07+00:00 CRITICAL require(): Failed opening required 'THEME_URL/inc/RT_Batteries.php' (include_path='.') in W:\domains\rtb\wp-content\themes\rtbatteries\functions.php on line 3

2023-07-28T15:59:08+00:00 CRITICAL Uncaught Error: Class 'RT_Post_Type' not found in W:\domains\rtb\wp-content\themes\rtbatteries\functions.php:26
Stack trace:
#0 W:\domains\rtb\wp-settings.php(591): include()
#1 W:\domains\rtb\wp-config.php(96): require_once('W:\\domains\\rtb\\...')
#2 W:\domains\rtb\wp-load.php(50): require_once('W:\\domains\\rtb\\...')
#3 W:\domains\rtb\wp-admin\admin-ajax.php(22): require_once('W:\\domains\\rtb\\...')
#4 {main}
  thrown in W:\domains\rtb\wp-content\themes\rtbatteries\functions.php on line 26

2023-07-28T16:00:39+00:00 CRITICAL Uncaught Error: Class 'RT_Post_Type' not found in W:\domains\rtb\wp-content\themes\rtbatteries\functions.php:27
Stack trace:
#0 W:\domains\rtb\wp-settings.php(591): include()
#1 W:\domains\rtb\wp-config.php(96): require_once('W:\\domains\\rtb\\...')
#2 W:\domains\rtb\wp-load.php(50): require_once('W:\\domains\\rtb\\...')
#3 W:\domains\rtb\wp-blog-header.php(13): require_once('W:\\domains\\rtb\\...')
#4 W:\domains\rtb\index.php(17): require('W:\\domains\\rtb\\...')
#5 {main}
  thrown in W:\domains\rtb\wp-content\themes\rtbatteries\functions.php on line 27

2023-07-28T16:01:09+00:00 CRITICAL Uncaught Error: Class 'RT_Post_Type' not found in W:\domains\rtb\wp-content\themes\rtbatteries\functions.php:27
Stack trace:
#0 W:\domains\rtb\wp-settings.php(591): include()
#1 W:\domains\rtb\wp-config.php(96): require_once('W:\\domains\\rtb\\...')
#2 W:\domains\rtb\wp-load.php(50): require_once('W:\\domains\\rtb\\...')
#3 W:\domains\rtb\wp-admin\admin-ajax.php(22): require_once('W:\\domains\\rtb\\...')
#4 {main}
  thrown in W:\domains\rtb\wp-content\themes\rtbatteries\functions.php on line 27

2023-07-28T16:01:10+00:00 CRITICAL Uncaught Error: Class 'RT_Post_Type' not found in W:\domains\rtb\wp-content\themes\rtbatteries\functions.php:27
Stack trace:
#0 W:\domains\rtb\wp-settings.php(591): include()
#1 W:\domains\rtb\wp-config.php(96): require_once('W:\\domains\\rtb\\...')
#2 W:\domains\rtb\wp-load.php(50): require_once('W:\\domains\\rtb\\...')
#3 W:\domains\rtb\wp-blog-header.php(13): require_once('W:\\domains\\rtb\\...')
#4 W:\domains\rtb\index.php(17): require('W:\\domains\\rtb\\...')
#5 {main}
  thrown in W:\domains\rtb\wp-content\themes\rtbatteries\functions.php on line 27

2023-07-28T16:02:48+00:00 CRITICAL Cannot declare class RT_Post_Type, because the name is already in use in W:\domains\rtb\wp-content\themes\rtbatteries\inc\RT_Post_Type.php on line 6

2023-07-28T16:03:10+00:00 CRITICAL Cannot declare class RT_Post_Type, because the name is already in use in W:\domains\rtb\wp-content\themes\rtbatteries\inc\RT_Post_Type.php on line 6

2023-07-28T16:03:43+00:00 CRITICAL Uncaught Error: Typed property RT_Post_Type::$icon must not be accessed before initialization in W:\domains\rtb\wp-content\themes\rtbatteries\inc\RT_Post_Type.php:66
Stack trace:
#0 W:\domains\rtb\wp-content\themes\rtbatteries\inc\RT_Post_Type.php(73): RT_Post_Type->get_args()
#1 W:\domains\rtb\wp-includes\class-wp-hook.php(308): RT_Post_Type->register()
#2 W:\domains\rtb\wp-includes\class-wp-hook.php(332): WP_Hook->apply_filters()
#3 W:\domains\rtb\wp-includes\plugin.php(517): WP_Hook->do_action()
#4 W:\domains\rtb\wp-settings.php(623): do_action()
#5 W:\domains\rtb\wp-config.php(96): require_once('W:\\domains\\rtb\\...')
#6 W:\domains\rtb\wp-load.php(50): require_once('W:\\domains\\rtb\\...')
#7 W:\domains\rtb\wp-blog-header.php(13): require_once('W:\\domains\\rtb\\...')
#8 W:\domains\rtb\index.php(17): require('W:\\domains\\rtb\\...')
#9 {main}
  thrown in W:\domains\rtb\wp-content\themes\rtbatteries\inc\RT_Post_Type.php on line 66

2023-07-28T16:05:48+00:00 CRITICAL Uncaught Error: Typed property RT_Post_Type::$icon must not be accessed before initialization in W:\domains\rtb\wp-content\themes\rtbatteries\inc\RT_Post_Type.php:66
Stack trace:
#0 W:\domains\rtb\wp-content\themes\rtbatteries\inc\RT_Post_Type.php(73): RT_Post_Type->get_args()
#1 W:\domains\rtb\wp-includes\class-wp-hook.php(308): RT_Post_Type->register()
#2 W:\domains\rtb\wp-includes\class-wp-hook.php(332): WP_Hook->apply_filters()
#3 W:\domains\rtb\wp-includes\plugin.php(517): WP_Hook->do_action()
#4 W:\domains\rtb\wp-settings.php(623): do_action()
#5 W:\domains\rtb\wp-config.php(96): require_once('W:\\domains\\rtb\\...')
#6 W:\domains\rtb\wp-load.php(50): require_once('W:\\domains\\rtb\\...')
#7 W:\domains\rtb\wp-blog-header.php(13): require_once('W:\\domains\\rtb\\...')
#8 W:\domains\rtb\index.php(17): require('W:\\domains\\rtb\\...')
#9 {main}
  thrown in W:\domains\rtb\wp-content\themes\rtbatteries\inc\RT_Post_Type.php on line 66

2023-07-28T16:06:44+00:00 CRITICAL Uncaught Error: Typed property RT_Post_Type::$icon must not be accessed before initialization in W:\domains\rtb\wp-content\themes\rtbatteries\inc\RT_Post_Type.php:66
Stack trace:
#0 W:\domains\rtb\wp-content\themes\rtbatteries\inc\RT_Post_Type.php(73): RT_Post_Type->get_args()
#1 W:\domains\rtb\wp-includes\class-wp-hook.php(308): RT_Post_Type->register()
#2 W:\domains\rtb\wp-includes\class-wp-hook.php(332): WP_Hook->apply_filters()
#3 W:\domains\rtb\wp-includes\plugin.php(517): WP_Hook->do_action()
#4 W:\domains\rtb\wp-settings.php(623): do_action()
#5 W:\domains\rtb\wp-config.php(96): require_once('W:\\domains\\rtb\\...')
#6 W:\domains\rtb\wp-load.php(50): require_once('W:\\domains\\rtb\\...')
#7 W:\domains\rtb\wp-blog-header.php(13): require_once('W:\\domains\\rtb\\...')
#8 W:\domains\rtb\index.php(17): require('W:\\domains\\rtb\\...')
#9 {main}
  thrown in W:\domains\rtb\wp-content\themes\rtbatteries\inc\RT_Post_Type.php on line 66

2023-07-28T16:13:29+00:00 CRITICAL Uncaught Error: Typed property RT_Post_Type::$icon must not be accessed before initialization in W:\domains\rtb\wp-content\themes\rtbatteries\inc\RT_Post_Type.php:66
Stack trace:
#0 W:\domains\rtb\wp-content\themes\rtbatteries\inc\RT_Post_Type.php(73): RT_Post_Type->get_args()
#1 W:\domains\rtb\wp-includes\class-wp-hook.php(308): RT_Post_Type->register()
#2 W:\domains\rtb\wp-includes\class-wp-hook.php(332): WP_Hook->apply_filters()
#3 W:\domains\rtb\wp-includes\plugin.php(517): WP_Hook->do_action()
#4 W:\domains\rtb\wp-settings.php(623): do_action()
#5 W:\domains\rtb\wp-config.php(96): require_once('W:\\domains\\rtb\\...')
#6 W:\domains\rtb\wp-load.php(50): require_once('W:\\domains\\rtb\\...')
#7 W:\domains\rtb\wp-blog-header.php(13): require_once('W:\\domains\\rtb\\...')
#8 W:\domains\rtb\index.php(17): require('W:\\domains\\rtb\\...')
#9 {main}
  thrown in W:\domains\rtb\wp-content\themes\rtbatteries\inc\RT_Post_Type.php on line 66

